# JRE version: Java(TM) SE Runtime Environment (8.0_201-b09) (build 1.8.0_201-b09)
# Java VM: Java HotSpot(TM) 64-Bit Server VM (25.201-b09 mixed mode windows-amd64 compressed oops)
Heap:
 PSYoungGen      total 607232K, used 537970K [0x000000076af00000, 0x0000000792d80000, 0x00000007c0000000)
  eden space 572928K, 92% used [0x000000076af00000,0x000000078b4f7220,0x000000078de80000)
  from space 34304K, 22% used [0x0000000790c00000,0x00000007913658e8,0x0000000792d80000)
  to   space 40448K, 0% used [0x000000078de80000,0x000000078de80000,0x0000000790600000)
 ParOldGen       total 119808K, used 26264K [0x00000006c0c00000, 0x00000006c8100000, 0x000000076af00000)
  object space 119808K, 21% used [0x00000006c0c00000,0x00000006c25a6380,0x00000006c8100000)
 Metaspace       used 26024K, capacity 26374K, committed 26672K, reserved 1073152K
  class space    used 3235K, capacity 3351K, committed 3376K, reserved 1048576K
GC Heap History (10 events):
Event: 44.004 GC heap before
{Heap before GC invocations=10 (full 1):
 PSYoungGen      total 280576K, used 269399K [0x000000076af00000, 0x000000077ef80000, 0x00000007c0000000)
  eden space 239104K, 100% used [0x000000076af00000,0x0000000779880000,0x0000000779880000)
  from space 41472K, 73% used [0x000000077c380000,0x000000077e115cd8,0x000000077ec00000)
  to   space 44032K, 0% used [0x0000000779880000,0x0000000779880000,0x000000077c380000)
 ParOldGen       total 72704K, used 33689K [0x00000006c0c00000, 0x00000006c5300000, 0x000000076af00000)
  object space 72704K, 46% used [0x00000006c0c00000,0x00000006c2ce6488,0x00000006c5300000)
 Metaspace       used 25544K, capacity 25860K, committed 26160K, reserved 1073152K
  class space    used 3172K, capacity 3286K, committed 3376K, reserved 1048576K
Event: 44.014 GC heap after
Heap after GC invocations=10 (full 1):
 PSYoungGen      total 283136K, used 5849K [0x000000076af00000, 0x0000000787000000, 0x00000007c0000000)
  eden space 239104K, 0% used [0x000000076af00000,0x000000076af00000,0x0000000779880000)
  from space 44032K, 13% used [0x0000000779880000,0x0000000779e36610,0x000000077c380000)
  to   space 43520K, 0% used [0x0000000784580000,0x0000000784580000,0x0000000787000000)
 ParOldGen       total 72704K, used 60822K [0x00000006c0c00000, 0x00000006c5300000, 0x000000076af00000)
  object space 72704K, 83% used [0x00000006c0c00000,0x00000006c4765b68,0x00000006c5300000)
 Metaspace       used 25544K, capacity 25860K, committed 26160K, reserved 1073152K
  class space    used 3172K, capacity 3286K, committed 3376K, reserved 1048576K
}
Event: 44.014 GC heap before
{Heap before GC invocations=11 (full 2):
 PSYoungGen      total 283136K, used 5849K [0x000000076af00000, 0x0000000787000000, 0x00000007c0000000)
  eden space 239104K, 0% used [0x000000076af00000,0x000000076af00000,0x0000000779880000)
  from space 44032K, 13% used [0x0000000779880000,0x0000000779e36610,0x000000077c380000)
  to   space 43520K, 0% used [0x0000000784580000,0x0000000784580000,0x0000000787000000)
 ParOldGen       total 72704K, used 60822K [0x00000006c0c00000, 0x00000006c5300000, 0x000000076af00000)
  object space 72704K, 83% used [0x00000006c0c00000,0x00000006c4765b68,0x00000006c5300000)
 Metaspace       used 25544K, capacity 25860K, committed 26160K, reserved 1073152K
  class space    used 3172K, capacity 3286K, committed 3376K, reserved 1048576K
Event: 44.037 GC heap after
Heap after GC invocations=11 (full 2):
 PSYoungGen      total 283136K, used 0K [0x000000076af00000, 0x0000000787000000, 0x00000007c0000000)
  eden space 239104K, 0% used [0x000000076af00000,0x000000076af00000,0x0000000779880000)
  from space 44032K, 0% used [0x0000000779880000,0x0000000779880000,0x000000077c380000)
  to   space 43520K, 0% used [0x0000000784580000,0x0000000784580000,0x0000000787000000)
 ParOldGen       total 119808K, used 23968K [0x00000006c0c00000, 0x00000006c8100000, 0x000000076af00000)
  object space 119808K, 20% used [0x00000006c0c00000,0x00000006c2368370,0x00000006c8100000)
 Metaspace       used 25544K, capacity 25860K, committed 26160K, reserved 1073152K
  class space    used 3172K, capacity 3286K, committed 3376K, reserved 1048576K
}
Event: 58.406 GC heap before
{Heap before GC invocations=12 (full 2):
 PSYoungGen      total 283136K, used 239104K [0x000000076af00000, 0x0000000787000000, 0x00000007c0000000)
  eden space 239104K, 100% used [0x000000076af00000,0x0000000779880000,0x0000000779880000)
  from space 44032K, 0% used [0x0000000779880000,0x0000000779880000,0x000000077c380000)
  to   space 43520K, 0% used [0x0000000784580000,0x0000000784580000,0x0000000787000000)
 ParOldGen       total 119808K, used 23968K [0x00000006c0c00000, 0x00000006c8100000, 0x000000076af00000)
  object space 119808K, 20% used [0x00000006c0c00000,0x00000006c2368370,0x00000006c8100000)
 Metaspace       used 25900K, capacity 26246K, committed 26672K, reserved 1073152K
  class space    used 3234K, capacity 3351K, committed 3376K, reserved 1048576K
Event: 58.415 GC heap after
Heap after GC invocations=12 (full 2):
 PSYoungGen      total 416768K, used 5334K [0x000000076af00000, 0x0000000787000000, 0x00000007c0000000)
  eden space 373248K, 0% used [0x000000076af00000,0x000000076af00000,0x0000000781b80000)
  from space 43520K, 12% used [0x0000000784580000,0x0000000784ab58e8,0x0000000787000000)
  to   space 43008K, 0% used [0x0000000781b80000,0x0000000781b80000,0x0000000784580000)
 ParOldGen       total 119808K, used 23976K [0x00000006c0c00000, 0x00000006c8100000, 0x000000076af00000)
  object space 119808K, 20% used [0x00000006c0c00000,0x00000006c236a370,0x00000006c8100000)
 Metaspace       used 25900K, capacity 26246K, committed 26672K, reserved 1073152K
  class space    used 3234K, capacity 3351K, committed 3376K, reserved 1048576K
}
Event: 80.446 GC heap before
{Heap before GC invocations=13 (full 2):
 PSYoungGen      total 416768K, used 378582K [0x000000076af00000, 0x0000000787000000, 0x00000007c0000000)
  eden space 373248K, 100% used [0x000000076af00000,0x0000000781b80000,0x0000000781b80000)
  from space 43520K, 12% used [0x0000000784580000,0x0000000784ab58e8,0x0000000787000000)
  to   space 43008K, 0% used [0x0000000781b80000,0x0000000781b80000,0x0000000784580000)
 ParOldGen       total 119808K, used 23976K [0x00000006c0c00000, 0x00000006c8100000, 0x000000076af00000)
  object space 119808K, 20% used [0x00000006c0c00000,0x00000006c236a370,0x00000006c8100000)
 Metaspace       used 25977K, capacity 26310K, committed 26672K, reserved 1073152K
  class space    used 3235K, capacity 3351K, committed 3376K, reserved 1048576K
Event: 80.458 GC heap after
Heap after GC invocations=13 (full 2):
 PSYoungGen      total 416256K, used 7830K [0x000000076af00000, 0x0000000793480000, 0x00000007c0000000)
  eden space 373248K, 0% used [0x000000076af00000,0x000000076af00000,0x0000000781b80000)
  from space 43008K, 18% used [0x0000000781b80000,0x00000007823258f8,0x0000000784580000)
  to   space 41472K, 0% used [0x0000000790c00000,0x0000000790c00000,0x0000000793480000)
 ParOldGen       total 119808K, used 24104K [0x00000006c0c00000, 0x00000006c8100000, 0x000000076af00000)
  object space 119808K, 20% used [0x00000006c0c00000,0x00000006c238a370,0x00000006c8100000)
 Metaspace       used 25977K, capacity 26310K, committed 26672K, reserved 1073152K
  class space    used 3235K, capacity 3351K, committed 3376K, reserved 1048576K
}
Event: 103.194 GC heap before
{Heap before GC invocations=14 (full 2):
 PSYoungGen      total 416256K, used 381078K [0x000000076af00000, 0x0000000793480000, 0x00000007c0000000)
  eden space 373248K, 100% used [0x000000076af00000,0x0000000781b80000,0x0000000781b80000)
  from space 43008K, 18% used [0x0000000781b80000,0x00000007823258f8,0x0000000784580000)
  to   space 41472K, 0% used [0x0000000790c00000,0x0000000790c00000,0x0000000793480000)
 ParOldGen       total 119808K, used 24104K [0x00000006c0c00000, 0x00000006c8100000, 0x000000076af00000)
  object space 119808K, 20% used [0x00000006c0c00000,0x00000006c238a370,0x00000006c8100000)
 Metaspace       used 26010K, capacity 26374K, committed 26672K, reserved 1073152K
  class space    used 3235K, capacity 3351K, committed 3376K, reserved 1048576K
Event: 103.206 GC heap after
Heap after GC invocations=14 (full 2):
 PSYoungGen      total 607232K, used 7574K [0x000000076af00000, 0x0000000792d80000, 0x00000007c0000000)
  eden space 572928K, 0% used [0x000000076af00000,0x000000076af00000,0x000000078de80000)
  from space 34304K, 22% used [0x0000000790c00000,0x00000007913658e8,0x0000000792d80000)
  to   space 40448K, 0% used [0x000000078de80000,0x000000078de80000,0x0000000790600000)
 ParOldGen       total 119808K, used 26264K [0x00000006c0c00000, 0x00000006c8100000, 0x000000076af00000)
  object space 119808K, 21% used [0x00000006c0c00000,0x00000006c25a6380,0x00000006c8100000)
 Metaspace       used 26010K, capacity 26374K, committed 26672K, reserved 1073152K
  class space    used 3235K, capacity 3351K, committed 3376K, reserved 1048576K
}

