# JRE version: Java(TM) SE Runtime Environment (8.0_201-b09) (build 1.8.0_201-b09)
# Java VM: Java HotSpot(TM) 64-Bit Server VM (25.201-b09 mixed mode windows-amd64 compressed oops)
Heap:
 PSYoungGen      total 241664K, used 217479K [0x000000076af00000, 0x000000077b480000, 0x00000007c0000000)
  eden space 219648K, 93% used [0x000000076af00000,0x00000007776e18c0,0x0000000778580000)
  from space 22016K, 58% used [0x0000000779f00000,0x000000077ab805c8,0x000000077b480000)
  to   space 24064K, 0% used [0x0000000778580000,0x0000000778580000,0x0000000779d00000)
 ParOldGen       total 74240K, used 36773K [0x00000006c0c00000, 0x00000006c5480000, 0x000000076af00000)
  object space 74240K, 49% used [0x00000006c0c00000,0x00000006c2fe9678,0x00000006c5480000)
 Metaspace       used 26217K, capacity 26504K, committed 26800K, reserved 1073152K
  class space    used 3275K, capacity 3414K, committed 3504K, reserved 1048576K
GC Heap History (10 events):
Event: 26.062 GC heap before
{Heap before GC invocations=5 (full 0):
 PSYoungGen      total 76288K, used 11413K [0x000000076af00000, 0x0000000770400000, 0x00000007c0000000)
  eden space 65536K, 6% used [0x000000076af00000,0x000000076b304210,0x000000076ef00000)
  from space 10752K, 67% used [0x000000076f980000,0x00000007700a1378,0x0000000770400000)
  to   space 10752K, 0% used [0x000000076ef00000,0x000000076ef00000,0x000000076f980000)
 ParOldGen       total 175104K, used 56K [0x00000006c0c00000, 0x00000006cb700000, 0x000000076af00000)
  object space 175104K, 0% used [0x00000006c0c00000,0x00000006c0c0e000,0x00000006cb700000)
 Metaspace       used 20850K, capacity 21114K, committed 21296K, reserved 1069056K
  class space    used 2500K, capacity 2586K, committed 2608K, reserved 1048576K
Event: 26.065 GC heap after
Heap after GC invocations=5 (full 0):
 PSYoungGen      total 76288K, used 6316K [0x000000076af00000, 0x0000000773e00000, 0x00000007c0000000)
  eden space 65536K, 0% used [0x000000076af00000,0x000000076af00000,0x000000076ef00000)
  from space 10752K, 58% used [0x000000076ef00000,0x000000076f52b3d0,0x000000076f980000)
  to   space 7680K, 0% used [0x0000000773680000,0x0000000773680000,0x0000000773e00000)
 ParOldGen       total 175104K, used 64K [0x00000006c0c00000, 0x00000006cb700000, 0x000000076af00000)
  object space 175104K, 0% used [0x00000006c0c00000,0x00000006c0c10000,0x00000006cb700000)
 Metaspace       used 20850K, capacity 21114K, committed 21296K, reserved 1069056K
  class space    used 2500K, capacity 2586K, committed 2608K, reserved 1048576K
}
Event: 26.065 GC heap before
{Heap before GC invocations=6 (full 1):
 PSYoungGen      total 76288K, used 6316K [0x000000076af00000, 0x0000000773e00000, 0x00000007c0000000)
  eden space 65536K, 0% used [0x000000076af00000,0x000000076af00000,0x000000076ef00000)
  from space 10752K, 58% used [0x000000076ef00000,0x000000076f52b3d0,0x000000076f980000)
  to   space 7680K, 0% used [0x0000000773680000,0x0000000773680000,0x0000000773e00000)
 ParOldGen       total 175104K, used 64K [0x00000006c0c00000, 0x00000006cb700000, 0x000000076af00000)
  object space 175104K, 0% used [0x00000006c0c00000,0x00000006c0c10000,0x00000006cb700000)
 Metaspace       used 20850K, capacity 21114K, committed 21296K, reserved 1069056K
  class space    used 2500K, capacity 2586K, committed 2608K, reserved 1048576K
Event: 26.083 GC heap after
Heap after GC invocations=6 (full 1):
 PSYoungGen      total 76288K, used 0K [0x000000076af00000, 0x0000000773e00000, 0x00000007c0000000)
  eden space 65536K, 0% used [0x000000076af00000,0x000000076af00000,0x000000076ef00000)
  from space 10752K, 0% used [0x000000076ef00000,0x000000076ef00000,0x000000076f980000)
  to   space 7680K, 0% used [0x0000000773680000,0x0000000773680000,0x0000000773e00000)
 ParOldGen       total 74240K, used 6157K [0x00000006c0c00000, 0x00000006c5480000, 0x000000076af00000)
  object space 74240K, 8% used [0x00000006c0c00000,0x00000006c1203798,0x00000006c5480000)
 Metaspace       used 20850K, capacity 21114K, committed 21296K, reserved 1069056K
  class space    used 2500K, capacity 2586K, committed 2608K, reserved 1048576K
}
Event: 32.060 GC heap before
{Heap before GC invocations=7 (full 1):
 PSYoungGen      total 76288K, used 65536K [0x000000076af00000, 0x0000000773e00000, 0x00000007c0000000)
  eden space 65536K, 100% used [0x000000076af00000,0x000000076ef00000,0x000000076ef00000)
  from space 10752K, 0% used [0x000000076ef00000,0x000000076ef00000,0x000000076f980000)
  to   space 7680K, 0% used [0x0000000773680000,0x0000000773680000,0x0000000773e00000)
 ParOldGen       total 74240K, used 6157K [0x00000006c0c00000, 0x00000006c5480000, 0x000000076af00000)
  object space 74240K, 8% used [0x00000006c0c00000,0x00000006c1203798,0x00000006c5480000)
 Metaspace       used 25091K, capacity 25448K, committed 25904K, reserved 1071104K
  class space    used 3117K, capacity 3254K, committed 3376K, reserved 1048576K
Event: 32.067 GC heap after
Heap after GC invocations=7 (full 1):
 PSYoungGen      total 120320K, used 7673K [0x000000076af00000, 0x0000000776000000, 0x00000007c0000000)
  eden space 112640K, 0% used [0x000000076af00000,0x000000076af00000,0x0000000771d00000)
  from space 7680K, 99% used [0x0000000773680000,0x0000000773dfe7e8,0x0000000773e00000)
  to   space 26112K, 0% used [0x0000000771d00000,0x0000000771d00000,0x0000000773680000)
 ParOldGen       total 74240K, used 36765K [0x00000006c0c00000, 0x00000006c5480000, 0x000000076af00000)
  object space 74240K, 49% used [0x00000006c0c00000,0x00000006c2fe7678,0x00000006c5480000)
 Metaspace       used 25091K, capacity 25448K, committed 25904K, reserved 1071104K
  class space    used 3117K, capacity 3254K, committed 3376K, reserved 1048576K
}
Event: 40.240 GC heap before
{Heap before GC invocations=8 (full 1):
 PSYoungGen      total 120320K, used 120313K [0x000000076af00000, 0x0000000776000000, 0x00000007c0000000)
  eden space 112640K, 100% used [0x000000076af00000,0x0000000771d00000,0x0000000771d00000)
  from space 7680K, 99% used [0x0000000773680000,0x0000000773dfe7e8,0x0000000773e00000)
  to   space 26112K, 0% used [0x0000000771d00000,0x0000000771d00000,0x0000000773680000)
 ParOldGen       total 74240K, used 36765K [0x00000006c0c00000, 0x00000006c5480000, 0x000000076af00000)
  object space 74240K, 49% used [0x00000006c0c00000,0x00000006c2fe7678,0x00000006c5480000)
 Metaspace       used 25112K, capacity 25448K, committed 25904K, reserved 1071104K
  class space    used 3117K, capacity 3254K, committed 3376K, reserved 1048576K
Event: 40.244 GC heap after
Heap after GC invocations=8 (full 1):
 PSYoungGen      total 138752K, used 12465K [0x000000076af00000, 0x000000077b780000, 0x00000007c0000000)
  eden space 112640K, 0% used [0x000000076af00000,0x000000076af00000,0x0000000771d00000)
  from space 26112K, 47% used [0x0000000771d00000,0x000000077292c4e8,0x0000000773680000)
  to   space 25088K, 0% used [0x0000000779f00000,0x0000000779f00000,0x000000077b780000)
 ParOldGen       total 74240K, used 36773K [0x00000006c0c00000, 0x00000006c5480000, 0x000000076af00000)
  object space 74240K, 49% used [0x00000006c0c00000,0x00000006c2fe9678,0x00000006c5480000)
 Metaspace       used 25112K, capacity 25448K, committed 25904K, reserved 1071104K
  class space    used 3117K, capacity 3254K, committed 3376K, reserved 1048576K
}
Event: 49.426 GC heap before
{Heap before GC invocations=9 (full 1):
 PSYoungGen      total 138752K, used 125105K [0x000000076af00000, 0x000000077b780000, 0x00000007c0000000)
  eden space 112640K, 100% used [0x000000076af00000,0x0000000771d00000,0x0000000771d00000)
  from space 26112K, 47% used [0x0000000771d00000,0x000000077292c4e8,0x0000000773680000)
  to   space 25088K, 0% used [0x0000000779f00000,0x0000000779f00000,0x000000077b780000)
 ParOldGen       total 74240K, used 36773K [0x00000006c0c00000, 0x00000006c5480000, 0x000000076af00000)
  object space 74240K, 49% used [0x00000006c0c00000,0x00000006c2fe9678,0x00000006c5480000)
 Metaspace       used 25149K, capacity 25448K, committed 25904K, reserved 1071104K
  class space    used 3123K, capacity 3254K, committed 3376K, reserved 1048576K
Event: 49.431 GC heap after
Heap after GC invocations=9 (full 1):
 PSYoungGen      total 241664K, used 12801K [0x000000076af00000, 0x000000077b480000, 0x00000007c0000000)
  eden space 219648K, 0% used [0x000000076af00000,0x000000076af00000,0x0000000778580000)
  from space 22016K, 58% used [0x0000000779f00000,0x000000077ab805c8,0x000000077b480000)
  to   space 24064K, 0% used [0x0000000778580000,0x0000000778580000,0x0000000779d00000)
 ParOldGen       total 74240K, used 36773K [0x00000006c0c00000, 0x00000006c5480000, 0x000000076af00000)
  object space 74240K, 49% used [0x00000006c0c00000,0x00000006c2fe9678,0x00000006c5480000)
 Metaspace       used 25149K, capacity 25448K, committed 25904K, reserved 1071104K
  class space    used 3123K, capacity 3254K, committed 3376K, reserved 1048576K
}

